{"level":"info","message":"Loading Mongoose functionality","timestamp":"2017-11-14T00:02:04.136Z"}
{"level":"info","message":"Starting application","timestamp":"2017-11-14T00:02:04.466Z"}
{"level":"info","message":"HTTP Server listening on port: 5000, in development mode","timestamp":"2017-11-14T00:02:04.541Z"}
{"level":"info","message":"Mongoose connected to the database","timestamp":"2017-11-14T00:02:04.686Z"}
{"level":"info","message":"Request from ::1","timestamp":"2017-11-14T00:03:40.407Z"}
{"level":"info","message":"Request from ::1","timestamp":"2017-11-14T00:03:41.397Z"}
{"level":"info","message":"Loading Mongoose functionality","timestamp":"2017-11-14T00:30:31.946Z"}
{"level":"info","message":"Starting application","timestamp":"2017-11-14T00:30:32.222Z"}
{"level":"info","message":"HTTP Server listening on port: 5000, in development mode","timestamp":"2017-11-14T00:30:32.242Z"}
{"level":"info","message":"Mongoose connected to the database","timestamp":"2017-11-14T00:30:32.309Z"}
{"level":"info","message":"Request from ::1","timestamp":"2017-11-14T00:30:55.800Z"}
{"level":"info","message":"Request from ::1","timestamp":"2017-11-14T00:32:48.770Z"}
{"level":"verbose","message":"Create user","timestamp":"2017-11-14T00:32:48.803Z"}
{"level":"info","message":"Request from ::1","timestamp":"2017-11-14T00:32:56.097Z"}
{"level":"info","message":"Loading Mongoose functionality","timestamp":"2017-11-14T00:37:33.777Z"}
{"level":"info","message":"Starting application","timestamp":"2017-11-14T00:37:34.176Z"}
{"level":"info","message":"HTTP Server listening on port: 5000, in development mode","timestamp":"2017-11-14T00:37:34.196Z"}
{"level":"info","message":"Mongoose connected to the database","timestamp":"2017-11-14T00:37:34.248Z"}
{"level":"info","message":"Request from ::1","timestamp":"2017-11-14T00:41:01.925Z"}
{"level":"info","message":"Request from ::1","timestamp":"2017-11-14T00:58:50.765Z"}
{"level":"info","message":"Request from ::1","timestamp":"2017-11-14T00:58:55.536Z"}
{"level":"info","message":"Request from ::1","timestamp":"2017-11-14T00:58:57.831Z"}
{"level":"info","message":"Request from ::1","timestamp":"2017-11-14T00:58:58.232Z"}
{"level":"info","message":"Request from ::1","timestamp":"2017-11-14T00:58:58.437Z"}
{"level":"info","message":"Request from ::1","timestamp":"2017-11-14T00:58:58.613Z"}
{"level":"info","message":"Request from ::1","timestamp":"2017-11-14T00:58:58.811Z"}
{"level":"info","message":"Request from ::1","timestamp":"2017-11-14T00:58:58.981Z"}
{"level":"info","message":"Request from ::1","timestamp":"2017-11-14T00:58:59.157Z"}
{"level":"info","message":"Request from ::1","timestamp":"2017-11-14T00:59:06.847Z"}
{"level":"info","message":"Request from ::1","timestamp":"2017-11-14T00:59:07.457Z"}
{"level":"info","message":"Request from ::1","timestamp":"2017-11-14T00:59:07.636Z"}
{"level":"info","message":"Request from ::1","timestamp":"2017-11-14T00:59:07.783Z"}
{"level":"info","message":"Request from ::1","timestamp":"2017-11-14T00:59:07.942Z"}
{"level":"info","message":"Request from ::1","timestamp":"2017-11-14T00:59:08.114Z"}
{"level":"info","message":"Request from ::1","timestamp":"2017-11-14T00:59:21.457Z"}
{"level":"info","message":"Request from ::1","timestamp":"2017-11-14T00:59:22.421Z"}
{"level":"info","message":"Request from ::1","timestamp":"2017-11-14T00:59:22.586Z"}
{"level":"info","message":"Request from ::1","timestamp":"2017-11-14T00:59:22.748Z"}
{"level":"info","message":"Request from ::1","timestamp":"2017-11-14T00:59:41.458Z"}
{"level":"verbose","message":"Create user","timestamp":"2017-11-14T00:59:41.461Z"}
{"level":"info","message":"Request from ::1","timestamp":"2017-11-14T00:59:48.818Z"}
