{"level":"info","message":"Starting application","timestamp":"2017-10-03T00:02:30.758Z"}
{"level":"info","message":"HTTP Server listening on port: 5000, in development mode","timestamp":"2017-10-03T00:02:30.789Z"}
{"level":"info","message":"Starting application","timestamp":"2017-10-03T00:12:32.620Z"}
{"level":"info","message":"HTTP Server listening on port: 5000, in development mode","timestamp":"2017-10-03T00:12:32.664Z"}
{"level":"info","message":"Request from ::1","timestamp":"2017-10-03T00:12:43.980Z"}
{"level":"info","message":"Get all users","timestamp":"2017-10-03T00:12:43.984Z"}
{"level":"info","message":"Request from ::1","timestamp":"2017-10-03T00:13:21.207Z"}
{"level":"info","message":"Request from ::1","timestamp":"2017-10-03T00:13:54.769Z"}
{"level":"info","message":"Starting application","timestamp":"2017-10-03T00:16:14.695Z"}
{"level":"info","message":"HTTP Server listening on port: 5000, in development mode","timestamp":"2017-10-03T00:16:14.739Z"}
{"level":"info","message":"Starting application","timestamp":"2017-10-03T00:18:45.640Z"}
{"level":"info","message":"HTTP Server listening on port: 5000, in development mode","timestamp":"2017-10-03T00:18:45.671Z"}
{"level":"info","message":"Starting application","timestamp":"2017-10-03T00:23:06.062Z"}
{"level":"info","message":"HTTP Server listening on port: 5000, in development mode","timestamp":"2017-10-03T00:23:06.095Z"}
{"level":"info","message":"Starting application","timestamp":"2017-10-03T00:27:35.226Z"}
{"level":"info","message":"HTTP Server listening on port: 5000, in development mode","timestamp":"2017-10-03T00:27:35.292Z"}
{"level":"info","message":"Starting application","timestamp":"2017-10-03T00:29:11.711Z"}
{"level":"info","message":"HTTP Server listening on port: 5000, in development mode","timestamp":"2017-10-03T00:29:11.726Z"}
{"level":"info","message":"Starting application","timestamp":"2017-10-03T00:30:28.740Z"}
{"level":"info","message":"HTTP Server listening on port: 5000, in development mode","timestamp":"2017-10-03T00:30:28.778Z"}
{"level":"info","message":"Starting application","timestamp":"2017-10-03T00:30:39.895Z"}
{"level":"info","message":"HTTP Server listening on port: 5000, in development mode","timestamp":"2017-10-03T00:30:39.910Z"}
{"level":"info","message":"Starting application","timestamp":"2017-10-03T00:31:35.989Z"}
{"level":"info","message":"HTTP Server listening on port: 5000, in development mode","timestamp":"2017-10-03T00:31:36.130Z"}
{"level":"info","message":"Starting application","timestamp":"2017-10-03T00:35:02.199Z"}
{"level":"info","message":"HTTP Server listening on port: 5000, in development mode","timestamp":"2017-10-03T00:35:02.215Z"}
{"level":"info","message":"Starting application","timestamp":"2017-10-03T00:35:27.731Z"}
{"level":"info","message":"HTTP Server listening on port: 4000, in test mode","timestamp":"2017-10-03T00:35:27.878Z"}
{"level":"info","message":"Starting application","timestamp":"2017-10-03T00:37:23.108Z"}
{"level":"info","message":"HTTP Server listening on port: 4000, in test mode","timestamp":"2017-10-03T00:37:23.255Z"}
{"level":"info","message":"Starting application","timestamp":"2017-10-03T22:08:39.133Z"}
{"level":"info","message":"HTTP Server listening on port: 5000, in development mode","timestamp":"2017-10-03T22:08:39.190Z"}
{"level":"info","message":"Starting application","timestamp":"2017-10-03T22:12:45.188Z"}
{"level":"info","message":"HTTP Server listening on port: 5000, in development mode","timestamp":"2017-10-03T22:12:45.211Z"}
{"level":"info","message":"Starting application","timestamp":"2017-10-03T22:15:51.804Z"}
{"level":"info","message":"HTTP Server listening on port: 5000, in development mode","timestamp":"2017-10-03T22:15:51.868Z"}
{"level":"info","message":"Request from ::1","timestamp":"2017-10-03T22:16:07.783Z"}
{"level":"info","message":"Request from ::1","timestamp":"2017-10-03T22:16:08.186Z"}
{"level":"info","message":"Request from ::1","timestamp":"2017-10-03T22:16:25.973Z"}
{"level":"info","message":"Request from ::1","timestamp":"2017-10-03T22:18:25.027Z"}
{"level":"info","message":"Get all users","timestamp":"2017-10-03T22:18:25.029Z"}
{"level":"info","message":"Request from ::1","timestamp":"2017-10-03T22:18:49.838Z"}
{"level":"info","message":"Request from ::1","timestamp":"2017-10-03T22:18:59.842Z"}
{"level":"info","message":"Get all users","timestamp":"2017-10-03T22:18:59.843Z"}
{"level":"info","message":"Request from ::1","timestamp":"2017-10-03T22:20:57.295Z"}
{"level":"info","message":"Get all users","timestamp":"2017-10-03T22:20:57.298Z"}
