{"level":"info","message":"Loading Mongoose functionality","timestamp":"2017-11-05T22:31:00.435Z"}
{"level":"info","message":"Starting application","timestamp":"2017-11-05T22:31:00.714Z"}
{"level":"info","message":"HTTP Server listening on port: 5000, in development mode","timestamp":"2017-11-05T22:31:00.738Z"}
{"level":"info","message":"Mongoose connected to the database","timestamp":"2017-11-05T22:31:00.832Z"}
{"level":"info","message":"Loading Mongoose functionality","timestamp":"2017-11-05T22:32:14.915Z"}
{"level":"info","message":"Starting application","timestamp":"2017-11-05T22:32:15.075Z"}
{"level":"info","message":"HTTP Server listening on port: 5000, in development mode","timestamp":"2017-11-05T22:32:15.113Z"}
{"level":"info","message":"Mongoose connected to the database","timestamp":"2017-11-05T22:32:15.189Z"}
{"level":"info","message":"Request from ::1","timestamp":"2017-11-05T22:33:21.824Z"}
{"level":"info","message":"Loading Mongoose functionality","timestamp":"2017-11-05T22:38:38.614Z"}
{"level":"info","message":"Starting application","timestamp":"2017-11-05T22:38:38.777Z"}
{"level":"info","message":"HTTP Server listening on port: 5000, in development mode","timestamp":"2017-11-05T22:38:38.813Z"}
{"level":"info","message":"Mongoose connected to the database","timestamp":"2017-11-05T22:38:38.888Z"}
{"level":"info","message":"Request from ::1","timestamp":"2017-11-05T22:38:50.583Z"}
{"level":"info","message":"Get all users","timestamp":"2017-11-05T22:38:50.589Z"}
{"level":"info","message":"Request from ::1","timestamp":"2017-11-05T22:40:21.245Z"}
{"level":"info","message":"Request from ::1","timestamp":"2017-11-05T22:41:16.252Z"}
{"level":"info","message":"Get all users","timestamp":"2017-11-05T22:41:16.255Z"}
{"level":"info","message":"Loading Mongoose functionality","timestamp":"2017-11-05T22:41:55.157Z"}
{"level":"info","message":"Starting application","timestamp":"2017-11-05T22:41:55.270Z"}
{"level":"info","message":"HTTP Server listening on port: 5000, in development mode","timestamp":"2017-11-05T22:41:55.295Z"}
{"level":"info","message":"Mongoose connected to the database","timestamp":"2017-11-05T22:41:55.341Z"}
{"level":"info","message":"Loading Mongoose functionality","timestamp":"2017-11-05T22:42:24.078Z"}
{"level":"info","message":"Starting application","timestamp":"2017-11-05T22:42:24.247Z"}
{"level":"info","message":"HTTP Server listening on port: 5000, in development mode","timestamp":"2017-11-05T22:42:24.274Z"}
{"level":"info","message":"Mongoose connected to the database","timestamp":"2017-11-05T22:42:24.318Z"}
{"level":"info","message":"Loading Mongoose functionality","timestamp":"2017-11-05T22:43:17.135Z"}
{"level":"info","message":"Starting application","timestamp":"2017-11-05T22:43:17.277Z"}
{"level":"info","message":"HTTP Server listening on port: 5000, in development mode","timestamp":"2017-11-05T22:43:17.305Z"}
{"level":"info","message":"Mongoose connected to the database","timestamp":"2017-11-05T22:43:17.358Z"}
{"level":"info","message":"Request from ::1","timestamp":"2017-11-05T22:43:28.775Z"}
{"level":"info","message":"Request from ::1","timestamp":"2017-11-05T22:43:59.943Z"}
{"level":"info","message":"Loading Mongoose functionality","timestamp":"2017-11-05T22:53:56.309Z"}
{"level":"info","message":"Starting application","timestamp":"2017-11-05T22:53:56.464Z"}
{"level":"info","message":"HTTP Server listening on port: 5000, in development mode","timestamp":"2017-11-05T22:53:56.534Z"}
{"level":"info","message":"Mongoose connected to the database","timestamp":"2017-11-05T22:53:56.592Z"}
{"level":"info","message":"Request from ::1","timestamp":"2017-11-05T22:54:02.695Z"}
{"level":"info","message":"Request from ::1","timestamp":"2017-11-05T22:54:08.694Z"}
{"level":"info","message":"Loading Mongoose functionality","timestamp":"2017-11-05T22:56:54.028Z"}
{"level":"info","message":"Starting application","timestamp":"2017-11-05T22:56:54.177Z"}
{"level":"info","message":"HTTP Server listening on port: 5000, in development mode","timestamp":"2017-11-05T22:56:54.214Z"}
{"level":"info","message":"Mongoose connected to the database","timestamp":"2017-11-05T22:56:54.257Z"}
{"level":"info","message":"Request from ::1","timestamp":"2017-11-05T22:57:41.688Z"}
{"level":"info","message":"Request from ::1","timestamp":"2017-11-05T22:57:41.968Z"}
{"level":"info","message":"Request from ::1","timestamp":"2017-11-05T22:57:50.200Z"}
{"level":"info","message":"Get all users","timestamp":"2017-11-05T22:57:50.202Z"}
{"level":"info","message":"Request from ::1","timestamp":"2017-11-05T22:58:44.219Z"}
{"level":"verbose","message":"Create user","timestamp":"2017-11-05T22:58:44.255Z"}
{"level":"info","message":"Loading Mongoose functionality","timestamp":"2017-11-05T23:08:47.921Z"}
{"level":"info","message":"Starting application","timestamp":"2017-11-05T23:08:48.213Z"}
{"level":"info","message":"HTTP Server listening on port: 5000, in development mode","timestamp":"2017-11-05T23:08:48.240Z"}
{"level":"info","message":"Mongoose connected to the database","timestamp":"2017-11-05T23:08:48.300Z"}
{"level":"info","message":"Loading Mongoose functionality","timestamp":"2017-11-05T23:12:35.381Z"}
{"level":"info","message":"Starting application","timestamp":"2017-11-05T23:12:35.524Z"}
{"level":"info","message":"HTTP Server listening on port: 5000, in development mode","timestamp":"2017-11-05T23:12:35.559Z"}
{"level":"info","message":"Mongoose connected to the database","timestamp":"2017-11-05T23:12:35.599Z"}
{"level":"info","message":"Loading Mongoose functionality","timestamp":"2017-11-05T23:15:32.495Z"}
{"level":"info","message":"Starting application","timestamp":"2017-11-05T23:15:32.621Z"}
{"level":"info","message":"HTTP Server listening on port: 5000, in development mode","timestamp":"2017-11-05T23:15:32.686Z"}
{"level":"info","message":"Mongoose connected to the database","timestamp":"2017-11-05T23:15:32.751Z"}
